# JRE version: Java(TM) SE Runtime Environment (8.0_201-b09) (build 1.8.0_201-b09)
# Java VM: Java HotSpot(TM) 64-Bit Server VM (25.201-b09 mixed mode linux-amd64 compressed oops)
Heap:
 garbage-first heap   total 611328K, used 141536K [0x00000000c0000000, 0x00000000c01012a8, 0x0000000100000000)
  region size 1024K, 3 young (3072K), 3 survivors (3072K)
 Metaspace       used 45855K, capacity 48244K, committed 48412K, reserved 1091584K
  class space    used 5656K, capacity 6424K, committed 6476K, reserved 1048576K
GC Heap History (10 events):
Event: 12,568 GC heap after
Heap after GC invocations=27 (full 0):
 garbage-first heap   total 501760K, used 91680K [0x00000000c0000000, 0x00000000c0100f50, 0x0000000100000000)
  region size 1024K, 27 young (27648K), 27 survivors (27648K)
 Metaspace       used 45604K, capacity 48000K, committed 48156K, reserved 1091584K
  class space    used 5633K, capacity 6378K, committed 6476K, reserved 1048576K
}
Event: 16,708 GC heap before
{Heap before GC invocations=27 (full 0):
 garbage-first heap   total 501760K, used 342944K [0x00000000c0000000, 0x00000000c0100f50, 0x0000000100000000)
  region size 1024K, 269 young (275456K), 27 survivors (27648K)
 Metaspace       used 45784K, capacity 48208K, committed 48412K, reserved 1091584K
  class space    used 5645K, capacity 6418K, committed 6476K, reserved 1048576K
Event: 16,946 GC heap after
Heap after GC invocations=28 (full 0):
 garbage-first heap   total 501760K, used 110496K [0x00000000c0000000, 0x00000000c0100f50, 0x0000000100000000)
  region size 1024K, 13 young (13312K), 13 survivors (13312K)
 Metaspace       used 45784K, capacity 48208K, committed 48412K, reserved 1091584K
  class space    used 5645K, capacity 6418K, committed 6476K, reserved 1048576K
}
Event: 17,286 GC heap before
{Heap before GC invocations=28 (full 0):
 garbage-first heap   total 501760K, used 133024K [0x00000000c0000000, 0x00000000c0100f50, 0x0000000100000000)
  region size 1024K, 35 young (35840K), 13 survivors (13312K)
 Metaspace       used 45784K, capacity 48208K, committed 48412K, reserved 1091584K
  class space    used 5645K, capacity 6418K, committed 6476K, reserved 1048576K
Event: 17,493 GC heap after
Heap after GC invocations=29 (full 0):
 garbage-first heap   total 501760K, used 114592K [0x00000000c0000000, 0x00000000c0100f50, 0x0000000100000000)
  region size 1024K, 3 young (3072K), 3 survivors (3072K)
 Metaspace       used 45784K, capacity 48208K, committed 48412K, reserved 1091584K
  class space    used 5645K, capacity 6418K, committed 6476K, reserved 1048576K
}
Event: 18,212 GC heap before
{Heap before GC invocations=29 (full 0):
 garbage-first heap   total 501760K, used 160672K [0x00000000c0000000, 0x00000000c0100f50, 0x0000000100000000)
  region size 1024K, 48 young (49152K), 3 survivors (3072K)
 Metaspace       used 45844K, capacity 48244K, committed 48412K, reserved 1091584K
  class space    used 5656K, capacity 6424K, committed 6476K, reserved 1048576K
Event: 18,374 GC heap after
Heap after GC invocations=30 (full 0):
 garbage-first heap   total 501760K, used 119712K [0x00000000c0000000, 0x00000000c0100f50, 0x0000000100000000)
  region size 1024K, 6 young (6144K), 6 survivors (6144K)
 Metaspace       used 45844K, capacity 48244K, committed 48412K, reserved 1091584K
  class space    used 5656K, capacity 6424K, committed 6476K, reserved 1048576K
}
Event: 19,488 GC heap before
{Heap before GC invocations=30 (full 0):
 garbage-first heap   total 501760K, used 179104K [0x00000000c0000000, 0x00000000c0100f50, 0x0000000100000000)
  region size 1024K, 64 young (65536K), 6 survivors (6144K)
 Metaspace       used 45854K, capacity 48244K, committed 48412K, reserved 1091584K
  class space    used 5656K, capacity 6424K, committed 6476K, reserved 1048576K
Event: 19,792 GC heap after
Heap after GC invocations=31 (full 0):
 garbage-first heap   total 501760K, used 129952K [0x00000000c0000000, 0x00000000c0100f50, 0x0000000100000000)
  region size 1024K, 8 young (8192K), 8 survivors (8192K)
 Metaspace       used 45854K, capacity 48244K, committed 48412K, reserved 1091584K
  class space    used 5656K, capacity 6424K, committed 6476K, reserved 1048576K
}
Event: 20,354 GC heap before
{Heap before GC invocations=31 (full 0):
 garbage-first heap   total 501760K, used 147680K [0x00000000c0000000, 0x00000000c0100f50, 0x0000000100000000)
  region size 1024K, 24 young (24576K), 8 survivors (8192K)
 Metaspace       used 45855K, capacity 48244K, committed 48412K, reserved 1091584K
  class space    used 5656K, capacity 6424K, committed 6476K, reserved 1048576K

