# JRE version: Java(TM) SE Runtime Environment (8.0_201-b09) (build 1.8.0_201-b09)
# Java VM: Java HotSpot(TM) 64-Bit Server VM (25.201-b09 mixed mode linux-amd64 compressed oops)
Heap:
 garbage-first heap   total 611328K, used 122272K [0x00000000c0000000, 0x00000000c01012a8, 0x0000000100000000)
  region size 1024K, 6 young (6144K), 6 survivors (6144K)
 Metaspace       used 45632K, capacity 47956K, committed 48076K, reserved 1091584K
  class space    used 5638K, capacity 6346K, committed 6348K, reserved 1048576K
GC Heap History (10 events):
Event: 12,887 GC heap after
Heap after GC invocations=22 (full 0):
 garbage-first heap   total 96256K, used 53007K [0x00000000c0000000, 0x00000000c01002f0, 0x0000000100000000)
  region size 1024K, 1 young (1024K), 1 survivors (1024K)
 Metaspace       used 37995K, capacity 40098K, committed 40268K, reserved 1085440K
  class space    used 4399K, capacity 5127K, committed 5196K, reserved 1048576K
}
Event: 12,899 GC heap before
{Heap before GC invocations=22 (full 0):
 garbage-first heap   total 96256K, used 56079K [0x00000000c0000000, 0x00000000c01002f0, 0x0000000100000000)
  region size 1024K, 4 young (4096K), 1 survivors (1024K)
 Metaspace       used 38042K, capacity 40194K, committed 40268K, reserved 1085440K
  class space    used 4405K, capacity 5159K, committed 5196K, reserved 1048576K
Event: 12,930 GC heap after
Heap after GC invocations=23 (full 0):
 garbage-first heap   total 192512K, used 52786K [0x00000000c0000000, 0x00000000c01005e0, 0x0000000100000000)
  region size 1024K, 1 young (1024K), 1 survivors (1024K)
 Metaspace       used 38042K, capacity 40194K, committed 40268K, reserved 1085440K
  class space    used 4405K, capacity 5159K, committed 5196K, reserved 1048576K
}
Event: 14,037 GC heap before
{Heap before GC invocations=23 (full 0):
 garbage-first heap   total 192512K, used 161330K [0x00000000c0000000, 0x00000000c01005e0, 0x0000000100000000)
  region size 1024K, 107 young (109568K), 1 survivors (1024K)
 Metaspace       used 42839K, capacity 45096K, committed 45260K, reserved 1089536K
  class space    used 5073K, capacity 5784K, committed 5836K, reserved 1048576K
Event: 14,071 GC heap after
Heap after GC invocations=24 (full 0):
 garbage-first heap   total 364544K, used 71364K [0x00000000c0000000, 0x00000000c0100b20, 0x0000000100000000)
  region size 1024K, 14 young (14336K), 14 survivors (14336K)
 Metaspace       used 42839K, capacity 45096K, committed 45260K, reserved 1089536K
  class space    used 5073K, capacity 5784K, committed 5836K, reserved 1048576K
}
Event: 16,115 GC heap before
{Heap before GC invocations=24 (full 0):
 garbage-first heap   total 364544K, used 276868K [0x00000000c0000000, 0x00000000c0100b20, 0x0000000100000000)
  region size 1024K, 213 young (218112K), 14 survivors (14336K)
 Metaspace       used 45487K, capacity 47780K, committed 47820K, reserved 1091584K
  class space    used 5629K, capacity 6338K, committed 6348K, reserved 1048576K
Event: 16,281 GC heap after
Heap after GC invocations=25 (full 0):
 garbage-first heap   total 501760K, used 93216K [0x00000000c0000000, 0x00000000c0100f50, 0x0000000100000000)
  region size 1024K, 27 young (27648K), 27 survivors (27648K)
 Metaspace       used 45487K, capacity 47780K, committed 47820K, reserved 1091584K
  class space    used 5629K, capacity 6338K, committed 6348K, reserved 1048576K
}
Event: 17,725 GC heap before
{Heap before GC invocations=25 (full 0):
 garbage-first heap   total 501760K, used 224288K [0x00000000c0000000, 0x00000000c0100f50, 0x0000000100000000)
  region size 1024K, 155 young (158720K), 27 survivors (27648K)
 Metaspace       used 45614K, capacity 47892K, committed 48076K, reserved 1091584K
  class space    used 5638K, capacity 6346K, committed 6348K, reserved 1048576K
Event: 17,994 GC heap after
Heap after GC invocations=26 (full 0):
 garbage-first heap   total 501760K, used 108576K [0x00000000c0000000, 0x00000000c0100f50, 0x0000000100000000)
  region size 1024K, 15 young (15360K), 15 survivors (15360K)
 Metaspace       used 45614K, capacity 47892K, committed 48076K, reserved 1091584K
  class space    used 5638K, capacity 6346K, committed 6348K, reserved 1048576K
}
Event: 18,915 GC heap before
{Heap before GC invocations=26 (full 0):
 garbage-first heap   total 501760K, used 210336K [0x00000000c0000000, 0x00000000c0100f50, 0x0000000100000000)
  region size 1024K, 111 young (113664K), 15 survivors (15360K)
 Metaspace       used 45632K, capacity 47956K, committed 48076K, reserved 1091584K
  class space    used 5638K, capacity 6346K, committed 6348K, reserved 1048576K

