# JRE version: Java(TM) SE Runtime Environment (8.0_201-b09) (build 1.8.0_201-b09)
# Java VM: Java HotSpot(TM) 64-Bit Server VM (25.201-b09 mixed mode linux-amd64 compressed oops)
Heap:
 garbage-first heap   total 611328K, used 120224K [0x00000000c0000000, 0x00000000c01012a8, 0x0000000100000000)
  region size 1024K, 3 young (3072K), 3 survivors (3072K)
 Metaspace       used 45730K, capacity 48184K, committed 48412K, reserved 1091584K
  class space    used 5644K, capacity 6416K, committed 6476K, reserved 1048576K
GC Heap History (10 events):
Event: 9,325 GC heap after
Heap after GC invocations=21 (full 0):
 garbage-first heap   total 96256K, used 59744K [0x00000000c0000000, 0x00000000c01002f0, 0x0000000100000000)
  region size 1024K, 4 young (4096K), 4 survivors (4096K)
 Metaspace       used 38566K, capacity 40854K, committed 40988K, reserved 1085440K
  class space    used 4459K, capacity 5163K, committed 5196K, reserved 1048576K
}
Event: 9,510 GC heap before
{Heap before GC invocations=22 (full 0):
 garbage-first heap   total 96256K, used 80224K [0x00000000c0000000, 0x00000000c01002f0, 0x0000000100000000)
  region size 1024K, 25 young (25600K), 4 survivors (4096K)
 Metaspace       used 38934K, capacity 41174K, committed 41372K, reserved 1085440K
  class space    used 4534K, capacity 5227K, committed 5324K, reserved 1048576K
Event: 9,525 GC heap after
Heap after GC invocations=23 (full 0):
 garbage-first heap   total 192512K, used 62303K [0x00000000c0000000, 0x00000000c01005e0, 0x0000000100000000)
  region size 1024K, 3 young (3072K), 3 survivors (3072K)
 Metaspace       used 38934K, capacity 41174K, committed 41372K, reserved 1085440K
  class space    used 4534K, capacity 5227K, committed 5324K, reserved 1048576K
}
Event: 9,600 GC heap before
{Heap before GC invocations=23 (full 0):
 garbage-first heap   total 192512K, used 68447K [0x00000000c0000000, 0x00000000c01005e0, 0x0000000100000000)
  region size 1024K, 9 young (9216K), 3 survivors (3072K)
 Metaspace       used 39172K, capacity 41340K, committed 41628K, reserved 1085440K
  class space    used 4571K, capacity 5260K, committed 5324K, reserved 1048576K
Event: 9,620 GC heap after
Heap after GC invocations=24 (full 0):
 garbage-first heap   total 364544K, used 62203K [0x00000000c0000000, 0x00000000c0100b20, 0x0000000100000000)
  region size 1024K, 2 young (2048K), 2 survivors (2048K)
 Metaspace       used 39172K, capacity 41340K, committed 41628K, reserved 1085440K
  class space    used 4571K, capacity 5260K, committed 5324K, reserved 1048576K
}
Event: 10,904 GC heap before
{Heap before GC invocations=24 (full 0):
 garbage-first heap   total 364544K, used 279995K [0x00000000c0000000, 0x00000000c0100b20, 0x0000000100000000)
  region size 1024K, 213 young (218112K), 2 survivors (2048K)
 Metaspace       used 45492K, capacity 47876K, committed 48156K, reserved 1091584K
  class space    used 5626K, capacity 6370K, committed 6476K, reserved 1048576K
Event: 11,000 GC heap after
Heap after GC invocations=25 (full 0):
 garbage-first heap   total 501760K, used 93216K [0x00000000c0000000, 0x00000000c0100f50, 0x0000000100000000)
  region size 1024K, 27 young (27648K), 27 survivors (27648K)
 Metaspace       used 45492K, capacity 47876K, committed 48156K, reserved 1091584K
  class space    used 5626K, capacity 6370K, committed 6476K, reserved 1048576K
}
Event: 12,551 GC heap before
{Heap before GC invocations=25 (full 0):
 garbage-first heap   total 501760K, used 360864K [0x00000000c0000000, 0x00000000c0100f50, 0x0000000100000000)
  region size 1024K, 285 young (291840K), 27 survivors (27648K)
 Metaspace       used 45729K, capacity 48184K, committed 48412K, reserved 1091584K
  class space    used 5644K, capacity 6416K, committed 6476K, reserved 1048576K
Event: 12,733 GC heap after
Heap after GC invocations=26 (full 0):
 garbage-first heap   total 501760K, used 117152K [0x00000000c0000000, 0x00000000c0100f50, 0x0000000100000000)
  region size 1024K, 18 young (18432K), 18 survivors (18432K)
 Metaspace       used 45729K, capacity 48184K, committed 48412K, reserved 1091584K
  class space    used 5644K, capacity 6416K, committed 6476K, reserved 1048576K
}
Event: 12,851 GC heap before
{Heap before GC invocations=26 (full 0):
 garbage-first heap   total 501760K, used 127392K [0x00000000c0000000, 0x00000000c0100f50, 0x0000000100000000)
  region size 1024K, 28 young (28672K), 18 survivors (18432K)
 Metaspace       used 45730K, capacity 48184K, committed 48412K, reserved 1091584K
  class space    used 5644K, capacity 6416K, committed 6476K, reserved 1048576K

